22:53:36:323 [main] INFO  o.s.d.r.c.RepositoryConfigurationDelegate - Bootstrapping Spring Data MongoDB repositories in DEFAULT mode.
22:53:36:360 [main] INFO  o.s.d.r.c.RepositoryConfigurationDelegate - Finished Spring Data repository scanning in 30 ms. Found 2 MongoDB repository interfaces.
22:53:36:775 [main] INFO  o.s.boot.tomcat.TomcatWebServer - Tomcat initialized with port 8081 (http)
22:53:36:785 [main] INFO  o.a.coyote.http11.Http11NioProtocol - Initializing ProtocolHandler ["http-nio-8081"]
22:53:36:787 [main] INFO  o.a.catalina.core.StandardService - Starting service [Tomcat]
22:53:36:787 [main] INFO  o.a.catalina.core.StandardEngine - Starting Servlet engine: [Apache Tomcat/11.0.18]
22:53:36:827 [main] INFO  o.s.b.w.c.s.WebApplicationContextInitializer - Root WebApplicationContext: initialization completed in 959 ms
22:53:37:038 [main] INFO  org.mongodb.driver.client - MongoClient with metadata {"driver": {"name": "mongo-java-driver|spring-boot|sync", "version": "5.6.3"}, "os": {"type": "Windows", "name": "Windows 11", "architecture": "amd64", "version": "10.0"}, "platform": "Java/Oracle Corporation/21.0.7+8-LTS-245"} created with settings MongoClientSettings{readPreference=primary, writeConcern=WriteConcern{w=majority, wTimeout=null ms, journal=null}, retryWrites=true, retryReads=true, readConcern=ReadConcern{level=null}, credential=MongoCredential{mechanism=null, userName='chanduuser', source='admin', password=<hidden>, mechanismProperties=<hidden>}, transportSettings=null, commandListeners=[], codecRegistry=ProvidersCodecRegistry{codecProviders=[ValueCodecProvider{}, BsonValueCodecProvider{}, DBRefCodecProvider{}, DBObjectCodecProvider{}, DocumentCodecProvider{}, CollectionCodecProvider{}, IterableCodecProvider{}, MapCodecProvider{}, GeoJsonCodecProvider{}, GridFSFileCodecProvider{}, Jsr310CodecProvider{}, JsonObjectCodecProvider{}, BsonCodecProvider{}, com.mongodb.client.model.mql.ExpressionCodecProvider@39e53bef, com.mongodb.Jep395RecordCodecProvider@14b275bd, com.mongodb.KotlinCodecProvider@4ed18798, EnumCodecProvider{}]}, loggerSettings=LoggerSettings{maxDocumentLength=1000}, clusterSettings={hosts=[127.0.0.1:27017], srvHost=cluster0.exfr9is.mongodb.net, srvServiceName=mongodb, mode=MULTIPLE, requiredClusterType=REPLICA_SET, requiredReplicaSetName='atlas-y3qfd9-shard-0', serverSelector='null', clusterListeners='[]', serverSelectionTimeout='30000 ms', localThreshold='15 ms'}, socketSettings=SocketSettings{connectTimeoutMS=10000, readTimeoutMS=0, receiveBufferSize=0, proxySettings=ProxySettings{host=null, port=null, username=null, password=null}}, heartbeatSocketSettings=SocketSettings{connectTimeoutMS=10000, readTimeoutMS=10000, receiveBufferSize=0, proxySettings=ProxySettings{host=null, port=null, username=null, password=null}}, connectionPoolSettings=ConnectionPoolSettings{maxSize=100, minSize=0, maxWaitTimeMS=120000, maxConnectionLifeTimeMS=0, maxConnectionIdleTimeMS=0, maintenanceInitialDelayMS=0, maintenanceFrequencyMS=60000, connectionPoolListeners=[], maxConnecting=2}, serverSettings=ServerSettings{heartbeatFrequencyMS=10000, minHeartbeatFrequencyMS=500, serverMonitoringMode=AUTO, serverListeners='[]', serverMonitorListeners='[]'}, sslSettings=SslSettings{enabled=true, invalidHostNameAllowed=false, context=null}, applicationName='null', compressorList=[], uuidRepresentation=UNSPECIFIED, serverApi=null, autoEncryptionSettings=null, dnsClient=null, inetAddressResolver=null, contextProvider=null, timeoutMS=null}
22:53:37:041 [cluster-ClusterId{value='69a4761976b15fb5d18bc362', description='null'}-srv-cluster0.exfr9is.mongodb.net] INFO  org.mongodb.driver.cluster - Adding discovered server ac-rtf4xe5-shard-00-00.exfr9is.mongodb.net:27017 to client view of cluster
22:53:37:061 [cluster-ClusterId{value='69a4761976b15fb5d18bc362', description='null'}-srv-cluster0.exfr9is.mongodb.net] INFO  org.mongodb.driver.cluster - Adding discovered server ac-rtf4xe5-shard-00-01.exfr9is.mongodb.net:27017 to client view of cluster
22:53:37:061 [cluster-ClusterId{value='69a4761976b15fb5d18bc362', description='null'}-srv-cluster0.exfr9is.mongodb.net] INFO  org.mongodb.driver.cluster - Adding discovered server ac-rtf4xe5-shard-00-02.exfr9is.mongodb.net:27017 to client view of cluster
22:53:37:295 [main] INFO  org.mongodb.driver.cluster - Waiting for server to become available for operation createIndexes with ID 5. Remaining time: 29994 ms. Selector: WritableServerSelector, topology description: {type=REPLICA_SET, servers=[{address=ac-rtf4xe5-shard-00-02.exfr9is.mongodb.net:27017, type=UNKNOWN, state=CONNECTING}, {address=ac-rtf4xe5-shard-00-00.exfr9is.mongodb.net:27017, type=UNKNOWN, state=CONNECTING}, {address=ac-rtf4xe5-shard-00-01.exfr9is.mongodb.net:27017, type=UNKNOWN, state=CONNECTING}].
22:53:37:488 [cluster-ClusterId{value='69a4761976b15fb5d18bc362', description='null'}-ac-rtf4xe5-shard-00-02.exfr9is.mongodb.net:27017] INFO  org.mongodb.driver.cluster - Monitor thread successfully connected to server with description ServerDescription{address=ac-rtf4xe5-shard-00-02.exfr9is.mongodb.net:27017, type=REPLICA_SET_SECONDARY, cryptd=false, state=CONNECTED, ok=true, minWireVersion=0, maxWireVersion=25, maxDocumentSize=16777216, logicalSessionTimeoutMinutes=30, roundTripTimeNanos=232148400, minRoundTripTimeNanos=0, setName='atlas-y3qfd9-shard-0', canonicalAddress=ac-rtf4xe5-shard-00-02.exfr9is.mongodb.net:27017, hosts=[ac-rtf4xe5-shard-00-02.exfr9is.mongodb.net:27017, ac-rtf4xe5-shard-00-00.exfr9is.mongodb.net:27017, ac-rtf4xe5-shard-00-01.exfr9is.mongodb.net:27017], passives=[], arbiters=[], primary='ac-rtf4xe5-shard-00-01.exfr9is.mongodb.net:27017', tagSet=TagSet{[Tag{name='availabilityZone', value='aps1-az2'}, Tag{name='diskState', value='READY'}, Tag{name='nodeType', value='ELECTABLE'}, Tag{name='provider', value='AWS'}, Tag{name='region', value='AP_SOUTH_1'}, Tag{name='workloadType', value='OPERATIONAL'}]}, electionId=null, setVersion=201, topologyVersion=TopologyVersion{processId=699f31a9d01b0f6703fc774d, counter=3}, lastWriteDate=Sun Mar 01 22:53:36 IST 2026, lastUpdateTimeNanos=30624741848600}
22:53:37:488 [cluster-ClusterId{value='69a4761976b15fb5d18bc362', description='null'}-ac-rtf4xe5-shard-00-01.exfr9is.mongodb.net:27017] INFO  org.mongodb.driver.cluster - Monitor thread successfully connected to server with description ServerDescription{address=ac-rtf4xe5-shard-00-01.exfr9is.mongodb.net:27017, type=REPLICA_SET_PRIMARY, cryptd=false, state=CONNECTED, ok=true, minWireVersion=0, maxWireVersion=25, maxDocumentSize=16777216, logicalSessionTimeoutMinutes=30, roundTripTimeNanos=233309000, minRoundTripTimeNanos=0, setName='atlas-y3qfd9-shard-0', canonicalAddress=ac-rtf4xe5-shard-00-01.exfr9is.mongodb.net:27017, hosts=[ac-rtf4xe5-shard-00-02.exfr9is.mongodb.net:27017, ac-rtf4xe5-shard-00-00.exfr9is.mongodb.net:27017, ac-rtf4xe5-shard-00-01.exfr9is.mongodb.net:27017], passives=[], arbiters=[], primary='ac-rtf4xe5-shard-00-01.exfr9is.mongodb.net:27017', tagSet=TagSet{[Tag{name='availabilityZone', value='aps1-az3'}, Tag{name='diskState', value='READY'}, Tag{name='nodeType', value='ELECTABLE'}, Tag{name='provider', value='AWS'}, Tag{name='region', value='AP_SOUTH_1'}, Tag{name='workloadType', value='OPERATIONAL'}]}, electionId=7fffffff00000000000002e8, setVersion=201, topologyVersion=TopologyVersion{processId=699f2f41ca8c5a4ff7f3de09, counter=6}, lastWriteDate=Sun Mar 01 22:53:36 IST 2026, lastUpdateTimeNanos=30624741848700}
22:53:37:489 [cluster-ClusterId{value='69a4761976b15fb5d18bc362', description='null'}-ac-rtf4xe5-shard-00-00.exfr9is.mongodb.net:27017] INFO  org.mongodb.driver.cluster - Monitor thread successfully connected to server with description ServerDescription{address=ac-rtf4xe5-shard-00-00.exfr9is.mongodb.net:27017, type=REPLICA_SET_SECONDARY, cryptd=false, state=CONNECTED, ok=true, minWireVersion=0, maxWireVersion=25, maxDocumentSize=16777216, logicalSessionTimeoutMinutes=30, roundTripTimeNanos=231928400, minRoundTripTimeNanos=0, setName='atlas-y3qfd9-shard-0', canonicalAddress=ac-rtf4xe5-shard-00-00.exfr9is.mongodb.net:27017, hosts=[ac-rtf4xe5-shard-00-02.exfr9is.mongodb.net:27017, ac-rtf4xe5-shard-00-00.exfr9is.mongodb.net:27017, ac-rtf4xe5-shard-00-01.exfr9is.mongodb.net:27017], passives=[], arbiters=[], primary='ac-rtf4xe5-shard-00-01.exfr9is.mongodb.net:27017', tagSet=TagSet{[Tag{name='availabilityZone', value='aps1-az1'}, Tag{name='diskState', value='READY'}, Tag{name='nodeType', value='ELECTABLE'}, Tag{name='provider', value='AWS'}, Tag{name='region', value='AP_SOUTH_1'}, Tag{name='workloadType', value='OPERATIONAL'}]}, electionId=null, setVersion=201, topologyVersion=TopologyVersion{processId=699f2c8a74e925f8c5a4b4a6, counter=4}, lastWriteDate=Sun Mar 01 22:53:36 GMT+05:30 2026, lastUpdateTimeNanos=30624741848600}
22:53:37:490 [cluster-ClusterId{value='69a4761976b15fb5d18bc362', description='null'}-ac-rtf4xe5-shard-00-01.exfr9is.mongodb.net:27017] INFO  org.mongodb.driver.cluster - Discovered replica set primary ac-rtf4xe5-shard-00-01.exfr9is.mongodb.net:27017 with max election id 7fffffff00000000000002e8 and max set version 201
22:53:37:978 [main] INFO  o.s.s.c.a.a.c.InitializeUserDetailsBeanManagerConfigurer$InitializeUserDetailsManagerConfigurer - Global AuthenticationManager configured with UserDetailsService bean with name userDetailServiceIMPL
22:53:38:089 [main] DEBUG o.s.s.web.DefaultSecurityFilterChain - Will secure any request with filters: DisableEncodeUrlFilter, WebAsyncManagerIntegrationFilter, SecurityContextHolderFilter, HeaderWriterFilter, LogoutFilter, BasicAuthenticationFilter, RequestCacheAwareFilter, SecurityContextHolderAwareRequestFilter, AnonymousAuthenticationFilter, ExceptionTranslationFilter, AuthorizationFilter
22:53:38:311 [main] INFO  o.a.coyote.http11.Http11NioProtocol - Starting ProtocolHandler ["http-nio-8081"]
22:53:38:319 [main] INFO  o.s.boot.tomcat.TomcatWebServer - Tomcat started on port 8081 (http) with context path '/'
22:57:45:834 [SpringApplicationShutdownHook] INFO  o.s.boot.tomcat.GracefulShutdown - Commencing graceful shutdown. Waiting for active requests to complete
22:57:45:837 [tomcat-shutdown] INFO  o.s.boot.tomcat.GracefulShutdown - Graceful shutdown complete
23:04:00:595 [main] ERROR o.s.boot.SpringApplication - Application run failed
java.lang.IllegalStateException: java.lang.IllegalStateException: Logback configuration error detected: 
ERROR in ch.qos.logback.core.rolling.RollingFileAppender[Fileappender] - File property must be set before any triggeringPolicy or rollingPolicy properties
ERROR in ch.qos.logback.core.rolling.RollingFileAppender[Fileappender] - For more information, please visit https://logback.qos.ch/codes.html#rfa_file_after
	at org.springframework.boot.context.logging.LoggingApplicationListener.initializeSystem(LoggingApplicationListener.java:352)
	at org.springframework.boot.context.logging.LoggingApplicationListener.initialize(LoggingApplicationListener.java:302)
	at org.springframework.boot.context.logging.LoggingApplicationListener.onApplicationEnvironmentPreparedEvent(LoggingApplicationListener.java:248)
	at org.springframework.boot.context.logging.LoggingApplicationListener.onApplicationEvent(LoggingApplicationListener.java:225)
	at org.springframework.context.event.SimpleApplicationEventMulticaster.doInvokeListener(SimpleApplicationEventMulticaster.java:180)
	at org.springframework.context.event.SimpleApplicationEventMulticaster.invokeListener(SimpleApplicationEventMulticaster.java:173)
	at org.springframework.context.event.SimpleApplicationEventMulticaster.multicastEvent(SimpleApplicationEventMulticaster.java:151)
	at org.springframework.context.event.SimpleApplicationEventMulticaster.multicastEvent(SimpleApplicationEventMulticaster.java:133)
	at org.springframework.boot.context.event.EventPublishingRunListener.multicastInitialEvent(EventPublishingRunListener.java:137)
	at org.springframework.boot.context.event.EventPublishingRunListener.environmentPrepared(EventPublishingRunListener.java:82)
	at org.springframework.boot.SpringApplicationRunListeners.lambda$environmentPrepared$0(SpringApplicationRunListeners.java:66)
	at java.base/java.lang.Iterable.forEach(Iterable.java:75)
	at org.springframework.boot.SpringApplicationRunListeners.doWithListeners(SpringApplicationRunListeners.java:123)
	at org.springframework.boot.SpringApplicationRunListeners.doWithListeners(SpringApplicationRunListeners.java:117)
	at org.springframework.boot.SpringApplicationRunListeners.environmentPrepared(SpringApplicationRunListeners.java:65)
	at org.springframework.boot.SpringApplication.prepareEnvironment(SpringApplication.java:356)
	at org.springframework.boot.SpringApplication.run(SpringApplication.java:316)
	at org.springframework.boot.SpringApplication.run(SpringApplication.java:1365)
	at org.springframework.boot.SpringApplication.run(SpringApplication.java:1354)
	at com.example.JournalEntry.JournalEntryApplication.main(JournalEntryApplication.java:54)
Caused by: java.lang.IllegalStateException: Logback configuration error detected: 
ERROR in ch.qos.logback.core.rolling.RollingFileAppender[Fileappender] - File property must be set before any triggeringPolicy or rollingPolicy properties
ERROR in ch.qos.logback.core.rolling.RollingFileAppender[Fileappender] - For more information, please visit https://logback.qos.ch/codes.html#rfa_file_after
	at org.springframework.boot.logging.logback.LogbackLoggingSystem.reportConfigurationErrorsIfNecessary(LogbackLoggingSystem.java:296)
	at org.springframework.boot.logging.logback.LogbackLoggingSystem.loadConfiguration(LogbackLoggingSystem.java:274)
	at org.springframework.boot.logging.logback.LogbackLoggingSystem.reinitialize(LogbackLoggingSystem.java:351)
	at org.springframework.boot.logging.AbstractLoggingSystem.initializeWithConventions(AbstractLoggingSystem.java:79)
	at org.springframework.boot.logging.AbstractLoggingSystem.initialize(AbstractLoggingSystem.java:65)
	at org.springframework.boot.logging.logback.LogbackLoggingSystem.initialize(LogbackLoggingSystem.java:197)
	at org.springframework.boot.context.logging.LoggingApplicationListener.initializeSystem(LoggingApplicationListener.java:337)
	... 19 common frames omitted
23:07:15:801 [main] ERROR o.s.boot.SpringApplication - Application run failed
java.lang.IllegalStateException: java.lang.IllegalStateException: Logback configuration error detected: 
ERROR in ch.qos.logback.core.rolling.RollingFileAppender[Fileappender] - File property must be set before any triggeringPolicy or rollingPolicy properties
ERROR in ch.qos.logback.core.rolling.RollingFileAppender[Fileappender] - For more information, please visit https://logback.qos.ch/codes.html#rfa_file_after
	at org.springframework.boot.context.logging.LoggingApplicationListener.initializeSystem(LoggingApplicationListener.java:352)
	at org.springframework.boot.context.logging.LoggingApplicationListener.initialize(LoggingApplicationListener.java:302)
	at org.springframework.boot.context.logging.LoggingApplicationListener.onApplicationEnvironmentPreparedEvent(LoggingApplicationListener.java:248)
	at org.springframework.boot.context.logging.LoggingApplicationListener.onApplicationEvent(LoggingApplicationListener.java:225)
	at org.springframework.context.event.SimpleApplicationEventMulticaster.doInvokeListener(SimpleApplicationEventMulticaster.java:180)
	at org.springframework.context.event.SimpleApplicationEventMulticaster.invokeListener(SimpleApplicationEventMulticaster.java:173)
	at org.springframework.context.event.SimpleApplicationEventMulticaster.multicastEvent(SimpleApplicationEventMulticaster.java:151)
	at org.springframework.context.event.SimpleApplicationEventMulticaster.multicastEvent(SimpleApplicationEventMulticaster.java:133)
	at org.springframework.boot.context.event.EventPublishingRunListener.multicastInitialEvent(EventPublishingRunListener.java:137)
	at org.springframework.boot.context.event.EventPublishingRunListener.environmentPrepared(EventPublishingRunListener.java:82)
	at org.springframework.boot.SpringApplicationRunListeners.lambda$environmentPrepared$0(SpringApplicationRunListeners.java:66)
	at java.base/java.lang.Iterable.forEach(Iterable.java:75)
	at org.springframework.boot.SpringApplicationRunListeners.doWithListeners(SpringApplicationRunListeners.java:123)
	at org.springframework.boot.SpringApplicationRunListeners.doWithListeners(SpringApplicationRunListeners.java:117)
	at org.springframework.boot.SpringApplicationRunListeners.environmentPrepared(SpringApplicationRunListeners.java:65)
	at org.springframework.boot.SpringApplication.prepareEnvironment(SpringApplication.java:356)
	at org.springframework.boot.SpringApplication.run(SpringApplication.java:316)
	at org.springframework.boot.SpringApplication.run(SpringApplication.java:1365)
	at org.springframework.boot.SpringApplication.run(SpringApplication.java:1354)
	at com.example.JournalEntry.JournalEntryApplication.main(JournalEntryApplication.java:54)
Caused by: java.lang.IllegalStateException: Logback configuration error detected: 
ERROR in ch.qos.logback.core.rolling.RollingFileAppender[Fileappender] - File property must be set before any triggeringPolicy or rollingPolicy properties
ERROR in ch.qos.logback.core.rolling.RollingFileAppender[Fileappender] - For more information, please visit https://logback.qos.ch/codes.html#rfa_file_after
	at org.springframework.boot.logging.logback.LogbackLoggingSystem.reportConfigurationErrorsIfNecessary(LogbackLoggingSystem.java:296)
	at org.springframework.boot.logging.logback.LogbackLoggingSystem.loadConfiguration(LogbackLoggingSystem.java:274)
	at org.springframework.boot.logging.logback.LogbackLoggingSystem.reinitialize(LogbackLoggingSystem.java:351)
	at org.springframework.boot.logging.AbstractLoggingSystem.initializeWithConventions(AbstractLoggingSystem.java:79)
	at org.springframework.boot.logging.AbstractLoggingSystem.initialize(AbstractLoggingSystem.java:65)
	at org.springframework.boot.logging.logback.LogbackLoggingSystem.initialize(LogbackLoggingSystem.java:197)
	at org.springframework.boot.context.logging.LoggingApplicationListener.initializeSystem(LoggingApplicationListener.java:337)
	... 19 common frames omitted
